/*C4*/SET SCHEMA PUBLIC
DISCONNECT
/*C5*/SET SCHEMA PUBLIC
create table Categoria (oid varchar(32) not null, descripcion varchar(50), primary key (oid))
INSERT INTO CATEGORIA VALUES('4028814496a028eb0196a02b53cb0000','Software')
COMMIT
alter table Producto add column categoria_oid varchar(32)
alter table Producto add constraint FKc81rcy0vfdn5ewnap5scabhd3 foreign key (categoria_oid) references Categoria
INSERT INTO CATEGORIA VALUES('4028814496a028eb0196a02d17650001','Libros')
COMMIT
INSERT INTO CATEGORIA VALUES('4028814496a028eb0196a02d25320002','M\u00fasica')
COMMIT
DELETE FROM PRODUCTO WHERE NUMERO=1
INSERT INTO PRODUCTO VALUES(1,'teclado tech','4028814496a028eb0196a02b53cb0000')
COMMIT
alter table Producto add column fotos varchar(32)
alter table Producto add column observaciones varchar(255)
alter table Producto add column precio numeric(19,2)
alter table Cliente add column codigoPostal integer
alter table Cliente add column municipio varchar(20)
alter table Cliente add column provincia varchar(30)
alter table Cliente add column viaPublica varchar(30)
